<?xml version="1.0" encoding="UTF-8"?>
<!-- Generated by org.testng.reporters.JUnitReportReporter -->
<testsuite skipped="0" hostname="us" name="com.cucumber.framework.cucumber.testRunner.TestRunner" tests="2" failures="0" timestamp="03 Nov 2018 10:30:34 GMT" time="105.193" errors="0">
  <testcase name="feature" time="100.780" classname="com.cucumber.framework.cucumber.testRunner.TestRunner"/>
  <testcase name="feature" time="4.413" classname="com.cucumber.framework.cucumber.testRunner.TestRunner"/>
</testsuite> <!-- com.cucumber.framework.cucumber.testRunner.TestRunner -->
